<?xml version="1.0" encoding="UTF-8"?>
<!-- Generated by org.testng.reporters.JUnitReportReporter -->
<testsuite hostname="SRVTST1011" name="ioexe.tests.io.AmazonShopping" tests="1" failures="0" timestamp="30 Oct 2018 13:23:17 GMT" time="5.767" errors="0">
  <testcase name="AmazonShoppingTest" time="5.767" classname="ioexe.tests.io.AmazonShopping"/>
</testsuite> <!-- ioexe.tests.io.AmazonShopping -->
